<?xml version="1.0" encoding="UTF-8"?>
<!-- Generated by org.testng.reporters.JUnitXMLReporter -->
<testsuite ignored="0" hostname="DESKTOP-9OOOF17" failures="0" tests="8" name="Test" time="79.144" errors="0" timestamp="2022-07-29T17:25:47 IST">
  <testcase classname="Testing.validateLoginPage" name="loginpage" time="10.622"/>
  <testcase classname="Testing.validatehomepage" name="addtocart" time="15.638"/>
  <testcase classname="Testing.validatehomepage" name="validatefilter" time="1.035"/>
  <testcase classname="Testing.validatehomepage" name="validatetabtitle" time="0.023"/>
  <testcase classname="Testing.validateLoginwithInvaliddata" name="loginwithInvalidData" time="15.245"/>
  <testcase classname="Testing.validateLoginwithInvaliddata" name="loginwithInvalidData" time="8.925"/>
  <testcase classname="Testing.validateLoginwithInvaliddata" name="loginwithInvalidData" time="10.886"/>
  <testcase classname="Testing.validateLoginwithInvaliddata" name="loginwithInvalidData" time="16.292"/>
</testsuite> <!-- Test -->
