<?xml version="1.0" encoding="UTF-8"?>
<testng-results ignored="3" total="6" passed="3" failed="0" skipped="0">
  <reporter-output>
  </reporter-output>
  <suite started-at="2022-07-11T11:07:47 IST" name="Suite" finished-at="2022-07-11T11:07:47 IST" duration-ms="116">
    <groups>
      <group name="smoke">
        <method signature="day2.M2()[pri:0, instance:Test.day2@cad498c]" name="M2" class="Test.day2"/>
      </group> <!-- smoke -->
    </groups>
    <test started-at="2022-07-11T11:07:47 IST" name="Test" finished-at="2022-07-11T11:07:47 IST" duration-ms="116">
      <class name="Test.day1">
        <test-method is-config="true" signature="beforetest()[pri:0, instance:Test.day1@a3d8174]" started-at="2022-07-11T11:07:47 IST" name="beforetest" finished-at="2022-07-11T11:07:47 IST" duration-ms="30" status="PASS">
          <reporter-output>
          </reporter-output>
        </test-method> <!-- beforetest -->
        <test-method is-config="true" signature="aftertest()[pri:0, instance:Test.day1@a3d8174]" started-at="2022-07-11T11:07:47 IST" name="aftertest" finished-at="2022-07-11T11:07:47 IST" duration-ms="0" status="PASS">
          <reporter-output>
          </reporter-output>
        </test-method> <!-- aftertest -->
      </class> <!-- Test.day1 -->
      <class name="Test.day2">
        <test-method signature="M1()[pri:0, instance:Test.day2@cad498c]" started-at="2022-07-11T11:07:47 IST" name="M1" finished-at="2022-07-11T11:07:47 IST" duration-ms="8" status="PASS">
          <reporter-output>
          </reporter-output>
        </test-method> <!-- M1 -->
        <test-method signature="M2()[pri:0, instance:Test.day2@cad498c]" started-at="2022-07-11T11:07:47 IST" name="M2" finished-at="2022-07-11T11:07:47 IST" duration-ms="2" status="PASS">
          <reporter-output>
          </reporter-output>
        </test-method> <!-- M2 -->
        <test-method signature="M3()[pri:0, instance:Test.day2@cad498c]" started-at="2022-07-11T11:07:47 IST" name="M3" finished-at="2022-07-11T11:07:47 IST" duration-ms="2" status="PASS">
          <reporter-output>
          </reporter-output>
        </test-method> <!-- M3 -->
      </class> <!-- Test.day2 -->
    </test> <!-- Test -->
  </suite> <!-- Suite -->
</testng-results>
