<?xml version="1.0" encoding="UTF-8"?>
<testng-results ignored="0" total="4" passed="4" failed="0" skipped="0">
  <reporter-output>
  </reporter-output>
  <suite started-at="2022-10-18T19:35:09 IST" name="Default suite" finished-at="2022-10-18T19:35:28 IST" duration-ms="18899">
    <groups>
    </groups>
    <test started-at="2022-10-18T19:35:09 IST" name="Default test" finished-at="2022-10-18T19:35:28 IST" duration-ms="18899">
      <class name="Testing.validatehomepage">
        <test-method signature="addtocart()[pri:1, instance:Testing.validatehomepage@5d0bf09b]" started-at="2022-10-18T19:35:09 IST" name="addtocart" finished-at="2022-10-18T19:35:21 IST" duration-ms="12471" status="PASS">
          <reporter-output>
          </reporter-output>
        </test-method> <!-- addtocart -->
        <test-method signature="validatefilter()[pri:0, instance:Testing.validatehomepage@5d0bf09b]" started-at="2022-10-18T19:35:21 IST" name="validatefilter" finished-at="2022-10-18T19:35:23 IST" depends-on-methods="Testing.validatehomepage.addtocart" duration-ms="1880" status="PASS">
          <reporter-output>
          </reporter-output>
        </test-method> <!-- validatefilter -->
        <test-method signature="validatecart()[pri:0, instance:Testing.validatehomepage@5d0bf09b]" started-at="2022-10-18T19:35:23 IST" name="validatecart" finished-at="2022-10-18T19:35:24 IST" depends-on-methods="Testing.validatehomepage.validatefilter" duration-ms="787" status="PASS">
          <reporter-output>
          </reporter-output>
        </test-method> <!-- validatecart -->
        <test-method signature="validatetabtitle()[pri:0, instance:Testing.validatehomepage@5d0bf09b]" started-at="2022-10-18T19:35:24 IST" name="validatetabtitle" finished-at="2022-10-18T19:35:24 IST" depends-on-methods="Testing.validatehomepage.addtocart" duration-ms="274" status="PASS">
          <reporter-output>
          </reporter-output>
        </test-method> <!-- validatetabtitle -->
        <test-method is-config="true" signature="closetab()[pri:0, instance:Testing.validatehomepage@5d0bf09b]" started-at="2022-10-18T19:35:24 IST" name="closetab" finished-at="2022-10-18T19:35:28 IST" duration-ms="3395" status="PASS">
          <reporter-output>
          </reporter-output>
        </test-method> <!-- closetab -->
      </class> <!-- Testing.validatehomepage -->
    </test> <!-- Default test -->
  </suite> <!-- Default suite -->
</testng-results>
