<?xml version="1.0" encoding="UTF-8"?>
<testng-results ignored="0" total="1" passed="1" failed="0" skipped="0">
  <reporter-output>
  </reporter-output>
  <suite started-at="2022-11-09T19:07:47 IST" name="Default suite" finished-at="2022-11-09T19:08:23 IST" duration-ms="36646">
    <groups>
    </groups>
    <test started-at="2022-11-09T19:07:47 IST" name="Default test" finished-at="2022-11-09T19:08:23 IST" duration-ms="36646">
      <class name="Dependancies.AMSHomepage">
        <test-method signature="validateHomePage()[pri:0, instance:Dependancies.AMSHomepage@7bd4937b]" started-at="2022-11-09T19:07:47 IST" name="validateHomePage" finished-at="2022-11-09T19:08:23 IST" duration-ms="36566" status="PASS">
          <reporter-output>
          </reporter-output>
        </test-method> <!-- validateHomePage -->
      </class> <!-- Dependancies.AMSHomepage -->
    </test> <!-- Default test -->
  </suite> <!-- Default suite -->
</testng-results>
