<?xml version="1.0" encoding="UTF-8"?>
<testng-results ignored="0" total="1" passed="1" failed="0" skipped="0">
  <reporter-output>
  </reporter-output>
  <suite started-at="2022-06-17T12:44:06 IST" name="Default suite" finished-at="2022-06-17T12:44:26 IST" duration-ms="20667">
    <groups>
    </groups>
    <test started-at="2022-06-17T12:44:06 IST" name="Default test" finished-at="2022-06-17T12:44:26 IST" duration-ms="20667">
      <class name="TestCases.Loginapplication">
        <test-method signature="Login()[pri:0, instance:TestCases.Loginapplication@4310d43]" started-at="2022-06-17T12:44:06 IST" name="Login" finished-at="2022-06-17T12:44:26 IST" duration-ms="20596" status="PASS">
          <reporter-output>
          </reporter-output>
        </test-method> <!-- Login -->
      </class> <!-- TestCases.Loginapplication -->
    </test> <!-- Default test -->
  </suite> <!-- Default suite -->
</testng-results>
