<?xml version="1.0" encoding="UTF-8"?>
<testng-results ignored="2" total="4" passed="2" failed="0" skipped="0">
  <reporter-output>
  </reporter-output>
  <suite started-at="2022-07-19T13:11:15 IST" name="Suite" finished-at="2022-07-19T13:11:33 IST" duration-ms="17750">
    <groups>
    </groups>
    <test started-at="2022-07-19T13:11:15 IST" name="Test" finished-at="2022-07-19T13:11:33 IST" duration-ms="17750">
      <class name="AssignmentTesting.sauceDemo">
        <test-method signature="saucedemo()[pri:0, instance:AssignmentTesting.sauceDemo@1ed6388a]" started-at="2022-07-19T13:11:15 IST" name="saucedemo" finished-at="2022-07-19T13:11:32 IST" duration-ms="16654" status="PASS">
          <reporter-output>
          </reporter-output>
        </test-method> <!-- saucedemo -->
      </class> <!-- AssignmentTesting.sauceDemo -->
      <class name="AssignmentTesting.SeleniumEasydropdown">
        <test-method signature="dropdown()[pri:0, instance:AssignmentTesting.SeleniumEasydropdown@534a5a98]" started-at="2022-07-19T13:11:15 IST" name="dropdown" finished-at="2022-07-19T13:11:33 IST" duration-ms="17661" status="PASS">
          <reporter-output>
          </reporter-output>
        </test-method> <!-- dropdown -->
      </class> <!-- AssignmentTesting.SeleniumEasydropdown -->
    </test> <!-- Test -->
  </suite> <!-- Suite -->
</testng-results>
