<?xml version="1.0" encoding="UTF-8"?>
<testng-results ignored="0" total="3" passed="3" failed="0" skipped="0">
  <reporter-output>
  </reporter-output>
  <suite started-at="2022-11-02T11:42:07 IST" name="Default suite" finished-at="2022-11-02T11:44:13 IST" duration-ms="126544">
    <groups>
    </groups>
    <test started-at="2022-11-02T11:42:07 IST" name="Default test" finished-at="2022-11-02T11:44:13 IST" duration-ms="126544">
      <class name="Maven_Sampe_Project.Testing_Maven.maven_test">
        <test-method signature="seleniumJava()[pri:0, instance:Maven_Sampe_Project.Testing_Maven.maven_test@506ae4d4]" started-at="2022-11-02T11:42:07 IST" name="seleniumJava" finished-at="2022-11-02T11:43:14 IST" duration-ms="66608" status="PASS">
          <reporter-output>
          </reporter-output>
        </test-method> <!-- seleniumJava -->
        <test-method signature="testng()[pri:0, instance:Maven_Sampe_Project.Testing_Maven.maven_test@506ae4d4]" started-at="2022-11-02T11:43:14 IST" name="testng" finished-at="2022-11-02T11:43:37 IST" duration-ms="23728" status="PASS">
          <reporter-output>
          </reporter-output>
        </test-method> <!-- testng -->
        <test-method signature="webdrivermanager()[pri:0, instance:Maven_Sampe_Project.Testing_Maven.maven_test@506ae4d4]" started-at="2022-11-02T11:43:37 IST" name="webdrivermanager" finished-at="2022-11-02T11:44:13 IST" duration-ms="36081" status="PASS">
          <reporter-output>
          </reporter-output>
        </test-method> <!-- webdrivermanager -->
      </class> <!-- Maven_Sampe_Project.Testing_Maven.maven_test -->
    </test> <!-- Default test -->
  </suite> <!-- Default suite -->
</testng-results>
