<?xml version="1.0" encoding="UTF-8"?>
<!-- Generated by org.testng.reporters.JUnitXMLReporter -->
<testsuite ignored="0" hostname="DESKTOP-9OOOF17" failures="0" tests="3" name="Default test" time="114.569" errors="0" timestamp="2022-06-20T11:41:54 IST">
  <testcase classname="Academy.ApplicatioTestwithDataProvide" name="logintest" time="35.885"/>
  <testcase classname="Academy.ApplicatioTestwithDataProvide" name="logintest" time="34.723"/>
  <testcase classname="Academy.ApplicatioTestwithDataProvide" name="logintest" time="43.35"/>
</testsuite> <!-- Default test -->
