<?xml version="1.0" encoding="UTF-8"?>
<testng-results ignored="0" total="1" passed="1" failed="0" skipped="0">
  <reporter-output>
  </reporter-output>
  <suite started-at="2022-11-01T11:06:26Z" name="Default suite" finished-at="2022-11-01T11:07:17Z" duration-ms="50840">
    <groups>
    </groups>
    <test started-at="2022-11-01T11:06:26Z" name="Default test" finished-at="2022-11-01T11:07:17Z" duration-ms="50840">
      <class name="Maven_Sampe_Project.First_Maven.FirstTest">
        <test-method signature="test()[pri:0, instance:Maven_Sampe_Project.First_Maven.FirstTest@6581dc0a]" started-at="2022-11-01T11:06:26Z" name="test" finished-at="2022-11-01T11:07:17Z" duration-ms="50765" status="PASS">
          <reporter-output>
          </reporter-output>
        </test-method> <!-- test -->
      </class> <!-- Maven_Sampe_Project.First_Maven.FirstTest -->
    </test> <!-- Default test -->
  </suite> <!-- Default suite -->
</testng-results>
