<?xml version="1.0" encoding="UTF-8"?>
<!-- Generated by org.testng.reporters.JUnitXMLReporter -->
<testsuite ignored="2" hostname="DESKTOP-9OOOF17" failures="0" tests="2" name="Test" time="17.75" errors="0" timestamp="2022-07-19T13:11:33 IST">
  <testcase classname="AssignmentTesting.sauceDemo" name="saucedemo" time="16.654"/>
  <testcase classname="AssignmentTesting.SeleniumEasydropdown" name="dropdown" time="17.661"/>
  <testcase classname="AssignmentTesting.SeleniumEasy" name="seleniumeasy" time="0.0">
    <ignored/>
  </testcase> <!-- seleniumeasy -->
  <testcase classname="AssignmentTesting.google" name="google" time="0.0">
    <ignored/>
  </testcase> <!-- google -->
</testsuite> <!-- Test -->
