<?xml version="1.0" encoding="UTF-8"?>
<testng-results ignored="0" total="1" passed="1" failed="0" skipped="0">
  <reporter-output>
  </reporter-output>
  <suite started-at="2022-08-22T12:34:41 IST" name="Default suite" finished-at="2022-08-22T12:35:08 IST" duration-ms="27339">
    <groups>
    </groups>
    <test started-at="2022-08-22T12:34:41 IST" name="Default test" finished-at="2022-08-22T12:35:08 IST" duration-ms="27339">
      <class name="test.test">
        <test-method signature="mehtodnaem()[pri:0, instance:test.test@1e0b4072]" started-at="2022-08-22T12:34:41 IST" name="mehtodnaem" finished-at="2022-08-22T12:35:08 IST" duration-ms="27238" status="PASS">
          <reporter-output>
          </reporter-output>
        </test-method> <!-- mehtodnaem -->
      </class> <!-- test.test -->
    </test> <!-- Default test -->
  </suite> <!-- Default suite -->
</testng-results>
