<?xml version="1.0" encoding="UTF-8"?>
<testng-results ignored="0" total="1" passed="1" failed="0" skipped="0">
  <reporter-output>
  </reporter-output>
  <suite started-at="2022-07-14T11:26:00 IST" name="Default suite" finished-at="2022-07-14T11:26:46 IST" duration-ms="45883">
    <groups>
    </groups>
    <test started-at="2022-07-14T11:26:00 IST" name="Default test" finished-at="2022-07-14T11:26:46 IST" duration-ms="45883">
      <class name="Testing.ProductSearch">
        <test-method signature="productsearch()[pri:0, instance:Testing.ProductSearch@7b36aa0c]" started-at="2022-07-14T11:26:00 IST" name="productsearch" finished-at="2022-07-14T11:26:46 IST" duration-ms="45807" status="PASS">
          <reporter-output>
          </reporter-output>
        </test-method> <!-- productsearch -->
      </class> <!-- Testing.ProductSearch -->
    </test> <!-- Default test -->
  </suite> <!-- Default suite -->
</testng-results>
