<?xml version="1.0" encoding="UTF-8"?>
<!-- Generated by org.testng.reporters.JUnitXMLReporter -->
<testsuite ignored="3" hostname="DESKTOP-9OOOF17" failures="0" tests="3" name="Test" time="0.116" errors="0" timestamp="2022-07-11T11:07:48 IST">
  <testcase classname="Test.day2" name="M1" time="0.008"/>
  <testcase classname="Test.day2" name="M2" time="0.002"/>
  <testcase classname="Test.day2" name="M3" time="0.002"/>
  <testcase classname="Test.day1" name="test2" time="0.0">
    <ignored/>
  </testcase> <!-- test2 -->
  <testcase classname="Test.day1" name="test3" time="0.0">
    <ignored/>
  </testcase> <!-- test3 -->
  <testcase classname="Test.day1" name="test1" time="0.0">
    <ignored/>
  </testcase> <!-- test1 -->
</testsuite> <!-- Test -->
