<?xml version="1.0" encoding="UTF-8"?>
<!-- Generated by org.testng.reporters.JUnitXMLReporter -->
<testsuite ignored="0" hostname="DESKTOP-9OOOF17" failures="0" tests="4" name="Default test" time="18.899" errors="0" timestamp="2022-10-18T19:35:30 IST">
  <testcase classname="Testing.validatehomepage" name="addtocart" time="12.471"/>
  <testcase classname="Testing.validatehomepage" name="validatefilter" time="1.88"/>
  <testcase classname="Testing.validatehomepage" name="validatecart" time="0.787"/>
  <testcase classname="Testing.validatehomepage" name="validatetabtitle" time="0.274"/>
</testsuite> <!-- Default test -->
