<?xml version="1.0" encoding="UTF-8"?>
<!-- Generated by org.testng.reporters.JUnitXMLReporter -->
<testsuite ignored="0" hostname="DESKTOP-9OOOF17" failures="0" tests="3" name="Default test" time="126.544" errors="0" timestamp="2022-11-02T11:44:13 IST">
  <testcase classname="Maven_Sampe_Project.Testing_Maven.maven_test" name="seleniumJava" time="66.608"/>
  <testcase classname="Maven_Sampe_Project.Testing_Maven.maven_test" name="testng" time="23.728"/>
  <testcase classname="Maven_Sampe_Project.Testing_Maven.maven_test" name="webdrivermanager" time="36.081"/>
</testsuite> <!-- Default test -->
