<?xml version="1.0" encoding="UTF-8"?>
<!-- Generated by org.testng.reporters.JUnitXMLReporter -->
<testsuite ignored="0" hostname="DESKTOP-9OOOF17" failures="1" tests="1" name="Test1" time="29.824" errors="0" timestamp="2022-06-27T09:30:20 IST">
  <testcase classname="Academy.validationTitle" name="titlevalidation" time="25.774">
    <failure type="java.lang.AssertionError" message="expected [FEATURED COURSES123] but found [FEATURED COURSES]">
      <![CDATA[java.lang.AssertionError: expected [FEATURED COURSES123] but found [FEATURED COURSES]
at Academy.validationTitle.titlevalidation(validationTitle.java:37)
at java.base/java.util.ArrayList.forEach(ArrayList.java:1511)
... Removed 33 stack frames]]>
    </failure>
  </testcase> <!-- titlevalidation -->
</testsuite> <!-- Test1 -->
