<?xml version="1.0" encoding="UTF-8"?>
<!-- Generated by org.testng.reporters.JUnitXMLReporter -->
<testsuite ignored="0" hostname="DESKTOP-9OOOF17" failures="0" tests="3" name="Test" time="178.298" errors="0" timestamp="2022-06-27T09:29:47 IST">
  <testcase classname="Academy.ApplicatioTestwithDataProvide" name="logintest" time="52.583"/>
  <testcase classname="Academy.ApplicatioTestwithDataProvide" name="logintest" time="37.75"/>
  <testcase classname="Academy.ApplicatioTestwithDataProvide" name="logintest" time="83.818"/>
</testsuite> <!-- Test -->
